Flow report for Digital_Modu
Thu Jun 29 01:57:57 2023
Quartus II 64-Bit Version 13.1.0 Build 162 10/23/2013 SJ Full Version


---------------------
; Table of Contents ;
---------------------
  1. Legal Notice
  2. Flow Summary
  3. Flow Settings
  4. Flow Non-Default Global Settings
  5. Flow Elapsed Time
  6. Flow OS Summary
  7. Flow Log
  8. Flow Messages
  9. Flow Suppressed Messages



----------------
; Legal Notice ;
----------------
Copyright (C) 1991-2013 Altera Corporation
Your use of Altera Corporation's design tools, logic functions 
and other software and tools, and its AMPP partner logic 
functions, and any output files from any of the foregoing 
(including device programming or simulation files), and any 
associated documentation or information are expressly subject 
to the terms and conditions of the Altera Program License 
Subscription Agreement, Altera MegaCore Function License 
Agreement, or other applicable license agreement, including, 
without limitation, that your use is for the sole purpose of 
programming logic devices manufactured by Altera and sold by 
Altera or its authorized distributors.  Please refer to the 
applicable agreement for further details.



+----------------------------------------------------------------------------------+
; Flow Summary                                                                     ;
+------------------------------------+---------------------------------------------+
; Flow Status                        ; Successful - Thu Jun 29 01:57:57 2023       ;
; Quartus II 64-Bit Version          ; 13.1.0 Build 162 10/23/2013 SJ Full Version ;
; Revision Name                      ; Digital_Modu                                ;
; Top-level Entity Name              ; TOP                                         ;
; Family                             ; Cyclone IV E                                ;
; Device                             ; EP4CE10E22C8                                ;
; Timing Models                      ; Final                                       ;
; Total logic elements               ; 1,626 / 10,320 ( 16 % )                     ;
;     Total combinational functions  ; 1,057 / 10,320 ( 10 % )                     ;
;     Dedicated logic registers      ; 1,321 / 10,320 ( 13 % )                     ;
; Total registers                    ; 1321                                        ;
; Total pins                         ; 56 / 92 ( 61 % )                            ;
; Total virtual pins                 ; 0                                           ;
; Total memory bits                  ; 294,912 / 423,936 ( 70 % )                  ;
; Embedded Multiplier 9-bit elements ; 4 / 46 ( 9 % )                              ;
; Total PLLs                         ; 1 / 2 ( 50 % )                              ;
+------------------------------------+---------------------------------------------+


+-----------------------------------------+
; Flow Settings                           ;
+-------------------+---------------------+
; Option            ; Setting             ;
+-------------------+---------------------+
; Start date & time ; 06/29/2023 01:57:30 ;
; Main task         ; Compilation         ;
; Revision Name     ; Digital_Modu        ;
+-------------------+---------------------+


+--------------------------------------------------------------------------------------------------------------------------------------------------------------------------------------------------------------------------------------------------------------------------------------+
; Flow Non-Default Global Settings                                                                                                                                                                                                                                                     ;
+-------------------------------------+-----------------------------------------------------------------------------------------------------------------------------------------------------------------------------------------------+---------------+-------------+------------------+
; Assignment Name                     ; Value                                                                                                                                                                                         ; Default Value ; Entity Name ; Section Id       ;
+-------------------------------------+-----------------------------------------------------------------------------------------------------------------------------------------------------------------------------------------------+---------------+-------------+------------------+
; COMPILER_SIGNATURE_ID               ; 66504336534533.168797505006712                                                                                                                                                                ; --            ; --          ; --               ;
; EDA_OUTPUT_DATA_FORMAT              ; Verilog Hdl                                                                                                                                                                                   ; --            ; --          ; eda_simulation   ;
; EDA_SIMULATION_TOOL                 ; ModelSim-Altera (Verilog)                                                                                                                                                                     ; <None>        ; --          ; --               ;
; ENABLE_SIGNALTAP                    ; On                                                                                                                                                                                            ; --            ; --          ; --               ;
; IP_TOOL_NAME                        ; ALTPLL                                                                                                                                                                                        ; --            ; --          ; --               ;
; IP_TOOL_NAME                        ; LPM_MULT                                                                                                                                                                                      ; --            ; --          ; --               ;
; IP_TOOL_NAME                        ; ROM: 1-PORT                                                                                                                                                                                   ; --            ; --          ; --               ;
; IP_TOOL_NAME                        ; LPM_MULT                                                                                                                                                                                      ; --            ; --          ; --               ;
; IP_TOOL_NAME                        ; LPM_MULT                                                                                                                                                                                      ; --            ; --          ; --               ;
; IP_TOOL_VERSION                     ; 13.1                                                                                                                                                                                          ; --            ; --          ; --               ;
; IP_TOOL_VERSION                     ; 13.1                                                                                                                                                                                          ; --            ; --          ; --               ;
; IP_TOOL_VERSION                     ; 13.1                                                                                                                                                                                          ; --            ; --          ; --               ;
; IP_TOOL_VERSION                     ; 13.1                                                                                                                                                                                          ; --            ; --          ; --               ;
; IP_TOOL_VERSION                     ; 13.1                                                                                                                                                                                          ; --            ; --          ; --               ;
; MAX_CORE_JUNCTION_TEMP              ; 85                                                                                                                                                                                            ; --            ; --          ; --               ;
; MIN_CORE_JUNCTION_TEMP              ; 0                                                                                                                                                                                             ; --            ; --          ; --               ;
; MISC_FILE                           ; ipcore/pll_ip.bsf                                                                                                                                                                             ; --            ; --          ; --               ;
; MISC_FILE                           ; ipcore/pll_ip_bb.v                                                                                                                                                                            ; --            ; --          ; --               ;
; MISC_FILE                           ; ipcore/pll_ip.ppf                                                                                                                                                                             ; --            ; --          ; --               ;
; MISC_FILE                           ; ipcore/mul_ip.bsf                                                                                                                                                                             ; --            ; --          ; --               ;
; MISC_FILE                           ; ipcore/mul_ip_bb.v                                                                                                                                                                            ; --            ; --          ; --               ;
; MISC_FILE                           ; ipcore/rom_ip.bsf                                                                                                                                                                             ; --            ; --          ; --               ;
; MISC_FILE                           ; ipcore/rom_ip_bb.v                                                                                                                                                                            ; --            ; --          ; --               ;
; MISC_FILE                           ; ipcore/mul_ip_12_12.bsf                                                                                                                                                                       ; --            ; --          ; --               ;
; MISC_FILE                           ; ipcore/mul_ip_12_12_bb.v                                                                                                                                                                      ; --            ; --          ; --               ;
; MISC_FILE                           ; ipcore/mul_ip_12_64.bsf                                                                                                                                                                       ; --            ; --          ; --               ;
; MISC_FILE                           ; ipcore/mul_ip_12_64_bb.v                                                                                                                                                                      ; --            ; --          ; --               ;
; NOMINAL_CORE_SUPPLY_VOLTAGE         ; 1.2V                                                                                                                                                                                          ; --            ; --          ; --               ;
; PARTITION_COLOR                     ; 16764057                                                                                                                                                                                      ; --            ; TOP         ; Top              ;
; PARTITION_FITTER_PRESERVATION_LEVEL ; PLACEMENT_AND_ROUTING                                                                                                                                                                         ; --            ; TOP         ; Top              ;
; PARTITION_NETLIST_TYPE              ; SOURCE                                                                                                                                                                                        ; --            ; TOP         ; Top              ;
; POWER_BOARD_THERMAL_MODEL           ; None (CONSERVATIVE)                                                                                                                                                                           ; --            ; --          ; --               ;
; POWER_PRESET_COOLING_SOLUTION       ; 23 MM HEAT SINK WITH 200 LFPM AIRFLOW                                                                                                                                                         ; --            ; --          ; --               ;
; PROJECT_OUTPUT_DIRECTORY            ; output_files                                                                                                                                                                                  ; --            ; --          ; --               ;
; SLD_FILE                            ; db/stp1_auto_stripped.stp                                                                                                                                                                     ; --            ; --          ; --               ;
; SLD_NODE_CREATOR_ID                 ; 110                                                                                                                                                                                           ; --            ; --          ; auto_signaltap_0 ;
; SLD_NODE_ENTITY_NAME                ; sld_signaltap                                                                                                                                                                                 ; --            ; --          ; auto_signaltap_0 ;
; SLD_NODE_PARAMETER_ASSIGNMENT       ; SLD_RAM_BLOCK_TYPE=AUTO                                                                                                                                                                       ; --            ; --          ; auto_signaltap_0 ;
; SLD_NODE_PARAMETER_ASSIGNMENT       ; SLD_NODE_INFO=805334528                                                                                                                                                                       ; --            ; --          ; auto_signaltap_0 ;
; SLD_NODE_PARAMETER_ASSIGNMENT       ; SLD_POWER_UP_TRIGGER=0                                                                                                                                                                        ; --            ; --          ; auto_signaltap_0 ;
; SLD_NODE_PARAMETER_ASSIGNMENT       ; SLD_STORAGE_QUALIFIER_INVERSION_MASK_LENGTH=0                                                                                                                                                 ; --            ; --          ; auto_signaltap_0 ;
; SLD_NODE_PARAMETER_ASSIGNMENT       ; SLD_ATTRIBUTE_MEM_MODE=OFF                                                                                                                                                                    ; --            ; --          ; auto_signaltap_0 ;
; SLD_NODE_PARAMETER_ASSIGNMENT       ; SLD_STATE_FLOW_USE_GENERATED=0                                                                                                                                                                ; --            ; --          ; auto_signaltap_0 ;
; SLD_NODE_PARAMETER_ASSIGNMENT       ; SLD_STATE_BITS=11                                                                                                                                                                             ; --            ; --          ; auto_signaltap_0 ;
; SLD_NODE_PARAMETER_ASSIGNMENT       ; SLD_BUFFER_FULL_STOP=1                                                                                                                                                                        ; --            ; --          ; auto_signaltap_0 ;
; SLD_NODE_PARAMETER_ASSIGNMENT       ; SLD_CURRENT_RESOURCE_WIDTH=1                                                                                                                                                                  ; --            ; --          ; auto_signaltap_0 ;
; SLD_NODE_PARAMETER_ASSIGNMENT       ; SLD_TRIGGER_LEVEL=1                                                                                                                                                                           ; --            ; --          ; auto_signaltap_0 ;
; SLD_NODE_PARAMETER_ASSIGNMENT       ; SLD_TRIGGER_IN_ENABLED=0                                                                                                                                                                      ; --            ; --          ; auto_signaltap_0 ;
; SLD_NODE_PARAMETER_ASSIGNMENT       ; SLD_ADVANCED_TRIGGER_ENTITY=basic,1,                                                                                                                                                          ; --            ; --          ; auto_signaltap_0 ;
; SLD_NODE_PARAMETER_ASSIGNMENT       ; SLD_TRIGGER_LEVEL_PIPELINE=1                                                                                                                                                                  ; --            ; --          ; auto_signaltap_0 ;
; SLD_NODE_PARAMETER_ASSIGNMENT       ; SLD_ENABLE_ADVANCED_TRIGGER=0                                                                                                                                                                 ; --            ; --          ; auto_signaltap_0 ;
; SLD_NODE_PARAMETER_ASSIGNMENT       ; SLD_SEGMENT_SIZE=4096                                                                                                                                                                         ; --            ; --          ; auto_signaltap_0 ;
; SLD_NODE_PARAMETER_ASSIGNMENT       ; SLD_SAMPLE_DEPTH=4096                                                                                                                                                                         ; --            ; --          ; auto_signaltap_0 ;
; SLD_NODE_PARAMETER_ASSIGNMENT       ; SLD_DATA_BITS=48                                                                                                                                                                              ; --            ; --          ; auto_signaltap_0 ;
; SLD_NODE_PARAMETER_ASSIGNMENT       ; SLD_TRIGGER_BITS=48                                                                                                                                                                           ; --            ; --          ; auto_signaltap_0 ;
; SLD_NODE_PARAMETER_ASSIGNMENT       ; SLD_INVERSION_MASK=00000000000000000000000000000000000000000000000000000000000000000000000000000000000000000000000000000000000000000000000000000000000000000000000000000000000000000000000000 ; --            ; --          ; auto_signaltap_0 ;
; SLD_NODE_PARAMETER_ASSIGNMENT       ; SLD_INVERSION_MASK_LENGTH=170                                                                                                                                                                 ; --            ; --          ; auto_signaltap_0 ;
; SLD_NODE_PARAMETER_ASSIGNMENT       ; SLD_NODE_CRC_LOWORD=30359                                                                                                                                                                     ; --            ; --          ; auto_signaltap_0 ;
; SLD_NODE_PARAMETER_ASSIGNMENT       ; SLD_NODE_CRC_HIWORD=33247                                                                                                                                                                     ; --            ; --          ; auto_signaltap_0 ;
; TOP_LEVEL_ENTITY                    ; TOP                                                                                                                                                                                           ; Digital_Modu  ; --          ; --               ;
; USE_SIGNALTAP_FILE                  ; stp1.stp                                                                                                                                                                                      ; --            ; --          ; --               ;
+-------------------------------------+-----------------------------------------------------------------------------------------------------------------------------------------------------------------------------------------------+---------------+-------------+------------------+


+-------------------------------------------------------------------------------------------------------------------------------+
; Flow Elapsed Time                                                                                                             ;
+---------------------------+--------------+-------------------------+---------------------+------------------------------------+
; Module Name               ; Elapsed Time ; Average Processors Used ; Peak Virtual Memory ; Total CPU Time (on all processors) ;
+---------------------------+--------------+-------------------------+---------------------+------------------------------------+
; Analysis & Synthesis      ; 00:00:08     ; 1.0                     ; 4735 MB             ; 00:00:08                           ;
; Fitter                    ; 00:00:08     ; 3.1                     ; 6160 MB             ; 00:00:12                           ;
; Assembler                 ; 00:00:01     ; 1.0                     ; 4591 MB             ; 00:00:01                           ;
; TimeQuest Timing Analyzer ; 00:00:03     ; 1.0                     ; 4843 MB             ; 00:00:03                           ;
; EDA Netlist Writer        ; 00:00:02     ; 1.0                     ; 4583 MB             ; 00:00:02                           ;
; Total                     ; 00:00:22     ; --                      ; --                  ; 00:00:26                           ;
+---------------------------+--------------+-------------------------+---------------------+------------------------------------+


+----------------------------------------------------------------------------------------+
; Flow OS Summary                                                                        ;
+---------------------------+------------------+-----------+------------+----------------+
; Module Name               ; Machine Hostname ; OS Name   ; OS Version ; Processor type ;
+---------------------------+------------------+-----------+------------+----------------+
; Analysis & Synthesis      ; LAPTOP-CRQ0E811  ; Windows 7 ; 6.2        ; x86_64         ;
; Fitter                    ; LAPTOP-CRQ0E811  ; Windows 7 ; 6.2        ; x86_64         ;
; Assembler                 ; LAPTOP-CRQ0E811  ; Windows 7 ; 6.2        ; x86_64         ;
; TimeQuest Timing Analyzer ; LAPTOP-CRQ0E811  ; Windows 7 ; 6.2        ; x86_64         ;
; EDA Netlist Writer        ; LAPTOP-CRQ0E811  ; Windows 7 ; 6.2        ; x86_64         ;
+---------------------------+------------------+-----------+------------+----------------+


------------
; Flow Log ;
------------
quartus_map --read_settings_files=on --write_settings_files=off Digital_Modu -c Digital_Modu
quartus_fit --read_settings_files=off --write_settings_files=off Digital_Modu -c Digital_Modu
quartus_asm --read_settings_files=off --write_settings_files=off Digital_Modu -c Digital_Modu
quartus_sta Digital_Modu -c Digital_Modu
quartus_eda --read_settings_files=off --write_settings_files=off Digital_Modu -c Digital_Modu



